app/build/intermediates/manifest_merge_blame_file/debug/processDebugMainManifest/manifest-merger-blame-debug-report.txt
1<?xml version="1.0" encoding="utf-8"?>
2<manifest xmlns:android="http://schemas.android.com/apk/res/android"
3    package="com.pedro.task"
4    android:versionCode="1"
5    android:versionName="1.0" >
6
7    <uses-sdk
8        android:minSdkVersion="24"
9        android:targetSdkVersion="35" />
10
11    <uses-permission android:name="android.permission.INTERNET" />
11-->[com.google.firebase:firebase-auth:24.0.1] AndroidManifest.xml:25:5-67
11-->[com.google.firebase:firebase-auth:24.0.1] AndroidManifest.xml:25:22-64
12    <uses-permission android:name="android.permission.ACCESS_NETWORK_STATE" />
12-->[com.google.firebase:firebase-auth:24.0.1] AndroidManifest.xml:26:5-79
12-->[com.google.firebase:firebase-auth:24.0.1] AndroidManifest.xml:26:22-76
13    <uses-permission android:name="android.permission.WAKE_LOCK" />
13-->[com.google.android.gms:play-services-measurement-api:23.0.0] AndroidManifest.xml:24:5-68
13-->[com.google.android.gms:play-services-measurement-api:23.0.0] AndroidManifest.xml:24:22-65
14    <uses-permission android:name="com.google.android.gms.permission.AD_ID" />
14-->[com.google.android.gms:play-services-measurement-api:23.0.0] AndroidManifest.xml:25:5-79
14-->[com.google.android.gms:play-services-measurement-api:23.0.0] AndroidManifest.xml:25:22-76
15    <uses-permission android:name="android.permission.ACCESS_ADSERVICES_ATTRIBUTION" />
15-->[com.google.android.gms:play-services-measurement-api:23.0.0] AndroidManifest.xml:26:5-88
15-->[com.google.android.gms:play-services-measurement-api:23.0.0] AndroidManifest.xml:26:22-85
16    <uses-permission android:name="android.permission.ACCESS_ADSERVICES_AD_ID" />
16-->[com.google.android.gms:play-services-measurement-api:23.0.0] AndroidManifest.xml:27:5-82
16-->[com.google.android.gms:play-services-measurement-api:23.0.0] AndroidManifest.xml:27:22-79
17    <uses-permission android:name="com.google.android.finsky.permission.BIND_GET_INSTALL_REFERRER_SERVICE" />
17-->[com.google.android.gms:play-services-measurement:23.0.0] AndroidManifest.xml:26:5-110
17-->[com.google.android.gms:play-services-measurement:23.0.0] AndroidManifest.xml:26:22-107
18    <uses-permission android:name="com.google.android.providers.gsf.permission.READ_GSERVICES" />
18-->[com.google.android.recaptcha:recaptcha:18.6.1] AndroidManifest.xml:9:5-98
18-->[com.google.android.recaptcha:recaptcha:18.6.1] AndroidManifest.xml:9:22-95
19
20    <permission
20-->[androidx.core:core:1.16.0] AndroidManifest.xml:22:5-24:47
21        android:name="com.pedro.task.DYNAMIC_RECEIVER_NOT_EXPORTED_PERMISSION"
21-->[androidx.core:core:1.16.0] AndroidManifest.xml:23:9-81
22        android:protectionLevel="signature" />
22-->[androidx.core:core:1.16.0] AndroidManifest.xml:24:9-44
23
24    <uses-permission android:name="com.pedro.task.DYNAMIC_RECEIVER_NOT_EXPORTED_PERMISSION" />
24-->[androidx.core:core:1.16.0] AndroidManifest.xml:26:5-97
24-->[androidx.core:core:1.16.0] AndroidManifest.xml:26:22-94
25
26    <application
26-->src\main\AndroidManifest.xml:5:5-24:19
27        android:allowBackup="true"
27-->src\main\AndroidManifest.xml:6:9-35
28        android:appComponentFactory="androidx.core.app.CoreComponentFactory"
28-->[androidx.core:core:1.16.0] AndroidManifest.xml:28:18-86
29        android:dataExtractionRules="@xml/data_extraction_rules"
29-->src\main\AndroidManifest.xml:7:9-65
30        android:debuggable="true"
31        android:extractNativeLibs="false"
32        android:fullBackupContent="@xml/backup_rules"
32-->src\main\AndroidManifest.xml:8:9-54
33        android:icon="@mipmap/ic_launcher"
33-->src\main\AndroidManifest.xml:9:9-43
34        android:label="@string/app_name"
34-->src\main\AndroidManifest.xml:10:9-41
35        android:roundIcon="@mipmap/ic_launcher_round"
35-->src\main\AndroidManifest.xml:11:9-54
36        android:supportsRtl="true"
36-->src\main\AndroidManifest.xml:12:9-35
37        android:testOnly="true"
38        android:theme="@style/Theme.Task" >
38-->src\main\AndroidManifest.xml:13:9-42
39        <activity
39-->src\main\AndroidManifest.xml:15:9-23:20
40            android:name="com.pedro.task.MainActivity"
40-->src\main\AndroidManifest.xml:16:13-41
41            android:exported="true" >
41-->src\main\AndroidManifest.xml:17:13-36
42            <intent-filter>
42-->src\main\AndroidManifest.xml:18:13-22:29
43                <action android:name="android.intent.action.MAIN" />
43-->src\main\AndroidManifest.xml:19:17-69
43-->src\main\AndroidManifest.xml:19:25-66
44
45                <category android:name="android.intent.category.LAUNCHER" />
45-->src\main\AndroidManifest.xml:21:17-77
45-->src\main\AndroidManifest.xml:21:27-74
46            </intent-filter>
47        </activity>
48
49        <service
49-->[com.google.firebase:firebase-database-ktx:21.0.0] AndroidManifest.xml:9:9-15:19
50            android:name="com.google.firebase.components.ComponentDiscoveryService"
50-->[com.google.firebase:firebase-database-ktx:21.0.0] AndroidManifest.xml:10:13-84
51            android:directBootAware="true"
51-->[com.google.firebase:firebase-common:22.0.1] AndroidManifest.xml:32:13-43
52            android:exported="false" >
52-->[com.google.firebase:firebase-database-ktx:21.0.0] AndroidManifest.xml:11:13-37
53            <meta-data
53-->[com.google.firebase:firebase-database-ktx:21.0.0] AndroidManifest.xml:12:13-14:85
54                android:name="com.google.firebase.components:com.google.firebase.database.ktx.FirebaseDatabaseLegacyRegistrar"
54-->[com.google.firebase:firebase-database-ktx:21.0.0] AndroidManifest.xml:13:17-127
55                android:value="com.google.firebase.components.ComponentRegistrar" />
55-->[com.google.firebase:firebase-database-ktx:21.0.0] AndroidManifest.xml:14:17-82
56            <meta-data
56-->[com.google.firebase:firebase-auth:24.0.1] AndroidManifest.xml:69:13-71:85
57                android:name="com.google.firebase.components:com.google.firebase.auth.FirebaseAuthRegistrar"
57-->[com.google.firebase:firebase-auth:24.0.1] AndroidManifest.xml:70:17-109
58                android:value="com.google.firebase.components.ComponentRegistrar" />
58-->[com.google.firebase:firebase-auth:24.0.1] AndroidManifest.xml:71:17-82
59            <meta-data
59-->[com.google.firebase:firebase-common-ktx:21.0.0] AndroidManifest.xml:12:13-14:85
60                android:name="com.google.firebase.components:com.google.firebase.ktx.FirebaseCommonLegacyRegistrar"
60-->[com.google.firebase:firebase-common-ktx:21.0.0] AndroidManifest.xml:13:17-116
61                android:value="com.google.firebase.components.ComponentRegistrar" />
61-->[com.google.firebase:firebase-common-ktx:21.0.0] AndroidManifest.xml:14:17-82
62            <meta-data
62-->[com.google.firebase:firebase-database:22.0.1] AndroidManifest.xml:29:13-31:85
63                android:name="com.google.firebase.components:com.google.firebase.database.FirebaseDatabaseKtxRegistrar"
63-->[com.google.firebase:firebase-database:22.0.1] AndroidManifest.xml:30:17-120
64                android:value="com.google.firebase.components.ComponentRegistrar" />
64-->[com.google.firebase:firebase-database:22.0.1] AndroidManifest.xml:31:17-82
65            <meta-data
65-->[com.google.firebase:firebase-database:22.0.1] AndroidManifest.xml:32:13-34:85
66                android:name="com.google.firebase.components:com.google.firebase.database.DatabaseRegistrar"
66-->[com.google.firebase:firebase-database:22.0.1] AndroidManifest.xml:33:17-109
67                android:value="com.google.firebase.components.ComponentRegistrar" />
67-->[com.google.firebase:firebase-database:22.0.1] AndroidManifest.xml:34:17-82
68            <meta-data
68-->[com.google.android.gms:play-services-measurement-api:23.0.0] AndroidManifest.xml:33:13-35:85
69                android:name="com.google.firebase.components:com.google.firebase.analytics.connector.internal.AnalyticsConnectorRegistrar"
69-->[com.google.android.gms:play-services-measurement-api:23.0.0] AndroidManifest.xml:34:17-139
70                android:value="com.google.firebase.components.ComponentRegistrar" />
70-->[com.google.android.gms:play-services-measurement-api:23.0.0] AndroidManifest.xml:35:17-82
71            <meta-data
71-->[com.google.firebase:firebase-installations:19.0.1] AndroidManifest.xml:15:13-17:85
72                android:name="com.google.firebase.components:com.google.firebase.installations.FirebaseInstallationsKtxRegistrar"
72-->[com.google.firebase:firebase-installations:19.0.1] AndroidManifest.xml:16:17-130
73                android:value="com.google.firebase.components.ComponentRegistrar" />
73-->[com.google.firebase:firebase-installations:19.0.1] AndroidManifest.xml:17:17-82
74            <meta-data
74-->[com.google.firebase:firebase-installations:19.0.1] AndroidManifest.xml:18:13-20:85
75                android:name="com.google.firebase.components:com.google.firebase.installations.FirebaseInstallationsRegistrar"
75-->[com.google.firebase:firebase-installations:19.0.1] AndroidManifest.xml:19:17-127
76                android:value="com.google.firebase.components.ComponentRegistrar" />
76-->[com.google.firebase:firebase-installations:19.0.1] AndroidManifest.xml:20:17-82
77            <meta-data
77-->[com.google.firebase:firebase-common:22.0.1] AndroidManifest.xml:35:13-37:85
78                android:name="com.google.firebase.components:com.google.firebase.FirebaseCommonKtxRegistrar"
78-->[com.google.firebase:firebase-common:22.0.1] AndroidManifest.xml:36:17-109
79                android:value="com.google.firebase.components.ComponentRegistrar" />
79-->[com.google.firebase:firebase-common:22.0.1] AndroidManifest.xml:37:17-82
80        </service>
81
82        <activity
82-->[com.google.firebase:firebase-auth:24.0.1] AndroidManifest.xml:29:9-46:20
83            android:name="com.google.firebase.auth.internal.GenericIdpActivity"
83-->[com.google.firebase:firebase-auth:24.0.1] AndroidManifest.xml:30:13-80
84            android:excludeFromRecents="true"
84-->[com.google.firebase:firebase-auth:24.0.1] AndroidManifest.xml:31:13-46
85            android:exported="true"
85-->[com.google.firebase:firebase-auth:24.0.1] AndroidManifest.xml:32:13-36
86            android:launchMode="singleTask"
86-->[com.google.firebase:firebase-auth:24.0.1] AndroidManifest.xml:33:13-44
87            android:theme="@android:style/Theme.Translucent.NoTitleBar" >
87-->[com.google.firebase:firebase-auth:24.0.1] AndroidManifest.xml:34:13-72
88            <intent-filter>
88-->[com.google.firebase:firebase-auth:24.0.1] AndroidManifest.xml:35:13-45:29
89                <action android:name="android.intent.action.VIEW" />
89-->[com.google.firebase:firebase-auth:24.0.1] AndroidManifest.xml:36:17-69
89-->[com.google.firebase:firebase-auth:24.0.1] AndroidManifest.xml:36:25-66
90
91                <category android:name="android.intent.category.DEFAULT" />
91-->[com.google.firebase:firebase-auth:24.0.1] AndroidManifest.xml:38:17-76
91-->[com.google.firebase:firebase-auth:24.0.1] AndroidManifest.xml:38:27-73
92                <category android:name="android.intent.category.BROWSABLE" />
92-->[com.google.firebase:firebase-auth:24.0.1] AndroidManifest.xml:39:17-78
92-->[com.google.firebase:firebase-auth:24.0.1] AndroidManifest.xml:39:27-75
93
94                <data
94-->[com.google.firebase:firebase-auth:24.0.1] AndroidManifest.xml:41:17-44:51
95                    android:host="firebase.auth"
95-->[com.google.firebase:firebase-auth:24.0.1] AndroidManifest.xml:42:21-49
96                    android:path="/"
96-->[com.google.firebase:firebase-auth:24.0.1] AndroidManifest.xml:43:21-37
97                    android:scheme="genericidp" />
97-->[com.google.firebase:firebase-auth:24.0.1] AndroidManifest.xml:44:21-48
98            </intent-filter>
99        </activity>
100        <activity
100-->[com.google.firebase:firebase-auth:24.0.1] AndroidManifest.xml:47:9-64:20
101            android:name="com.google.firebase.auth.internal.RecaptchaActivity"
101-->[com.google.firebase:firebase-auth:24.0.1] AndroidManifest.xml:48:13-79
102            android:excludeFromRecents="true"
102-->[com.google.firebase:firebase-auth:24.0.1] AndroidManifest.xml:49:13-46
103            android:exported="true"
103-->[com.google.firebase:firebase-auth:24.0.1] AndroidManifest.xml:50:13-36
104            android:launchMode="singleTask"
104-->[com.google.firebase:firebase-auth:24.0.1] AndroidManifest.xml:51:13-44
105            android:theme="@android:style/Theme.Translucent.NoTitleBar" >
105-->[com.google.firebase:firebase-auth:24.0.1] AndroidManifest.xml:52:13-72
106            <intent-filter>
106-->[com.google.firebase:firebase-auth:24.0.1] AndroidManifest.xml:53:13-63:29
107                <action android:name="android.intent.action.VIEW" />
107-->[com.google.firebase:firebase-auth:24.0.1] AndroidManifest.xml:36:17-69
107-->[com.google.firebase:firebase-auth:24.0.1] AndroidManifest.xml:36:25-66
108
109                <category android:name="android.intent.category.DEFAULT" />
109-->[com.google.firebase:firebase-auth:24.0.1] AndroidManifest.xml:38:17-76
109-->[com.google.firebase:firebase-auth:24.0.1] AndroidManifest.xml:38:27-73
110                <category android:name="android.intent.category.BROWSABLE" />
110-->[com.google.firebase:firebase-auth:24.0.1] AndroidManifest.xml:39:17-78
110-->[com.google.firebase:firebase-auth:24.0.1] AndroidManifest.xml:39:27-75
111
112                <data
112-->[com.google.firebase:firebase-auth:24.0.1] AndroidManifest.xml:41:17-44:51
113                    android:host="firebase.auth"
113-->[com.google.firebase:firebase-auth:24.0.1] AndroidManifest.xml:42:21-49
114                    android:path="/"
114-->[com.google.firebase:firebase-auth:24.0.1] AndroidManifest.xml:43:21-37
115                    android:scheme="recaptcha" />
115-->[com.google.firebase:firebase-auth:24.0.1] AndroidManifest.xml:44:21-48
116            </intent-filter>
117        </activity>
118
119        <provider
119-->[com.google.firebase:firebase-common:22.0.1] AndroidManifest.xml:23:9-28:39
120            android:name="com.google.firebase.provider.FirebaseInitProvider"
120-->[com.google.firebase:firebase-common:22.0.1] AndroidManifest.xml:24:13-77
121            android:authorities="com.pedro.task.firebaseinitprovider"
121-->[com.google.firebase:firebase-common:22.0.1] AndroidManifest.xml:25:13-72
122            android:directBootAware="true"
122-->[com.google.firebase:firebase-common:22.0.1] AndroidManifest.xml:26:13-43
123            android:exported="false"
123-->[com.google.firebase:firebase-common:22.0.1] AndroidManifest.xml:27:13-37
124            android:initOrder="100" />
124-->[com.google.firebase:firebase-common:22.0.1] AndroidManifest.xml:28:13-36
125
126        <receiver
126-->[com.google.android.gms:play-services-measurement:23.0.0] AndroidManifest.xml:29:9-33:20
127            android:name="com.google.android.gms.measurement.AppMeasurementReceiver"
127-->[com.google.android.gms:play-services-measurement:23.0.0] AndroidManifest.xml:30:13-85
128            android:enabled="true"
128-->[com.google.android.gms:play-services-measurement:23.0.0] AndroidManifest.xml:31:13-35
129            android:exported="false" >
129-->[com.google.android.gms:play-services-measurement:23.0.0] AndroidManifest.xml:32:13-37
130        </receiver>
131
132        <service
132-->[com.google.android.gms:play-services-measurement:23.0.0] AndroidManifest.xml:35:9-38:40
133            android:name="com.google.android.gms.measurement.AppMeasurementService"
133-->[com.google.android.gms:play-services-measurement:23.0.0] AndroidManifest.xml:36:13-84
134            android:enabled="true"
134-->[com.google.android.gms:play-services-measurement:23.0.0] AndroidManifest.xml:37:13-35
135            android:exported="false" />
135-->[com.google.android.gms:play-services-measurement:23.0.0] AndroidManifest.xml:38:13-37
136        <service
136-->[com.google.android.gms:play-services-measurement:23.0.0] AndroidManifest.xml:39:9-43:72
137            android:name="com.google.android.gms.measurement.AppMeasurementJobService"
137-->[com.google.android.gms:play-services-measurement:23.0.0] AndroidManifest.xml:40:13-87
138            android:enabled="true"
138-->[com.google.android.gms:play-services-measurement:23.0.0] AndroidManifest.xml:41:13-35
139            android:exported="false"
139-->[com.google.android.gms:play-services-measurement:23.0.0] AndroidManifest.xml:42:13-37
140            android:permission="android.permission.BIND_JOB_SERVICE" />
140-->[com.google.android.gms:play-services-measurement:23.0.0] AndroidManifest.xml:43:13-69
141        <service
141-->[androidx.credentials:credentials-play-services-auth:1.2.0-rc01] AndroidManifest.xml:24:9-32:19
142            android:name="androidx.credentials.playservices.CredentialProviderMetadataHolder"
142-->[androidx.credentials:credentials-play-services-auth:1.2.0-rc01] AndroidManifest.xml:25:13-94
143            android:enabled="true"
143-->[androidx.credentials:credentials-play-services-auth:1.2.0-rc01] AndroidManifest.xml:26:13-35
144            android:exported="false" >
144-->[androidx.credentials:credentials-play-services-auth:1.2.0-rc01] AndroidManifest.xml:27:13-37
145            <meta-data
145-->[androidx.credentials:credentials-play-services-auth:1.2.0-rc01] AndroidManifest.xml:29:13-31:104
146                android:name="androidx.credentials.CREDENTIAL_PROVIDER_KEY"
146-->[androidx.credentials:credentials-play-services-auth:1.2.0-rc01] AndroidManifest.xml:30:17-76
147                android:value="androidx.credentials.playservices.CredentialProviderPlayServicesImpl" />
147-->[androidx.credentials:credentials-play-services-auth:1.2.0-rc01] AndroidManifest.xml:31:17-101
148        </service>
149
150        <activity
150-->[androidx.credentials:credentials-play-services-auth:1.2.0-rc01] AndroidManifest.xml:34:9-41:20
151            android:name="androidx.credentials.playservices.HiddenActivity"
151-->[androidx.credentials:credentials-play-services-auth:1.2.0-rc01] AndroidManifest.xml:35:13-76
152            android:configChanges="orientation|screenSize|screenLayout|keyboardHidden"
152-->[androidx.credentials:credentials-play-services-auth:1.2.0-rc01] AndroidManifest.xml:36:13-87
153            android:enabled="true"
153-->[androidx.credentials:credentials-play-services-auth:1.2.0-rc01] AndroidManifest.xml:37:13-35
154            android:exported="false"
154-->[androidx.credentials:credentials-play-services-auth:1.2.0-rc01] AndroidManifest.xml:38:13-37
155            android:fitsSystemWindows="true"
155-->[androidx.credentials:credentials-play-services-auth:1.2.0-rc01] AndroidManifest.xml:39:13-45
156            android:theme="@style/Theme.Hidden" >
156-->[androidx.credentials:credentials-play-services-auth:1.2.0-rc01] AndroidManifest.xml:40:13-48
157        </activity>
158        <activity
158-->[com.google.android.gms:play-services-auth:20.7.0] AndroidManifest.xml:23:9-27:75
159            android:name="com.google.android.gms.auth.api.signin.internal.SignInHubActivity"
159-->[com.google.android.gms:play-services-auth:20.7.0] AndroidManifest.xml:24:13-93
160            android:excludeFromRecents="true"
160-->[com.google.android.gms:play-services-auth:20.7.0] AndroidManifest.xml:25:13-46
161            android:exported="false"
161-->[com.google.android.gms:play-services-auth:20.7.0] AndroidManifest.xml:26:13-37
162            android:theme="@android:style/Theme.Translucent.NoTitleBar" />
162-->[com.google.android.gms:play-services-auth:20.7.0] AndroidManifest.xml:27:13-72
163        <!--
164            Service handling Google Sign-In user revocation. For apps that do not integrate with
165            Google Sign-In, this service will never be started.
166        -->
167        <service
167-->[com.google.android.gms:play-services-auth:20.7.0] AndroidManifest.xml:33:9-37:51
168            android:name="com.google.android.gms.auth.api.signin.RevocationBoundService"
168-->[com.google.android.gms:play-services-auth:20.7.0] AndroidManifest.xml:34:13-89
169            android:exported="true"
169-->[com.google.android.gms:play-services-auth:20.7.0] AndroidManifest.xml:35:13-36
170            android:permission="com.google.android.gms.auth.api.signin.permission.REVOCATION_NOTIFICATION"
170-->[com.google.android.gms:play-services-auth:20.7.0] AndroidManifest.xml:36:13-107
171            android:visibleToInstantApps="true" />
171-->[com.google.android.gms:play-services-auth:20.7.0] AndroidManifest.xml:37:13-48
172
173        <uses-library
173-->[androidx.privacysandbox.ads:ads-adservices:1.1.0-beta11] AndroidManifest.xml:23:9-25:40
174            android:name="android.ext.adservices"
174-->[androidx.privacysandbox.ads:ads-adservices:1.1.0-beta11] AndroidManifest.xml:24:13-50
175            android:required="false" />
175-->[androidx.privacysandbox.ads:ads-adservices:1.1.0-beta11] AndroidManifest.xml:25:13-37
176        <uses-library
176-->[androidx.window:window:1.0.0] AndroidManifest.xml:25:9-27:40
177            android:name="androidx.window.extensions"
177-->[androidx.window:window:1.0.0] AndroidManifest.xml:26:13-54
178            android:required="false" />
178-->[androidx.window:window:1.0.0] AndroidManifest.xml:27:13-37
179        <uses-library
179-->[androidx.window:window:1.0.0] AndroidManifest.xml:28:9-30:40
180            android:name="androidx.window.sidecar"
180-->[androidx.window:window:1.0.0] AndroidManifest.xml:29:13-51
181            android:required="false" />
181-->[androidx.window:window:1.0.0] AndroidManifest.xml:30:13-37
182
183        <provider
183-->[androidx.emoji2:emoji2:1.3.0] AndroidManifest.xml:24:9-32:20
184            android:name="androidx.startup.InitializationProvider"
184-->[androidx.emoji2:emoji2:1.3.0] AndroidManifest.xml:25:13-67
185            android:authorities="com.pedro.task.androidx-startup"
185-->[androidx.emoji2:emoji2:1.3.0] AndroidManifest.xml:26:13-68
186            android:exported="false" >
186-->[androidx.emoji2:emoji2:1.3.0] AndroidManifest.xml:27:13-37
187            <meta-data
187-->[androidx.emoji2:emoji2:1.3.0] AndroidManifest.xml:29:13-31:52
188                android:name="androidx.emoji2.text.EmojiCompatInitializer"
188-->[androidx.emoji2:emoji2:1.3.0] AndroidManifest.xml:30:17-75
189                android:value="androidx.startup" />
189-->[androidx.emoji2:emoji2:1.3.0] AndroidManifest.xml:31:17-49
190            <meta-data
190-->[androidx.lifecycle:lifecycle-process:2.9.0] AndroidManifest.xml:29:13-31:52
191                android:name="androidx.lifecycle.ProcessLifecycleInitializer"
191-->[androidx.lifecycle:lifecycle-process:2.9.0] AndroidManifest.xml:30:17-78
192                android:value="androidx.startup" />
192-->[androidx.lifecycle:lifecycle-process:2.9.0] AndroidManifest.xml:31:17-49
193            <meta-data
193-->[androidx.profileinstaller:profileinstaller:1.4.0] AndroidManifest.xml:29:13-31:52
194                android:name="androidx.profileinstaller.ProfileInstallerInitializer"
194-->[androidx.profileinstaller:profileinstaller:1.4.0] AndroidManifest.xml:30:17-85
195                android:value="androidx.startup" />
195-->[androidx.profileinstaller:profileinstaller:1.4.0] AndroidManifest.xml:31:17-49
196        </provider>
197
198        <activity
198-->[com.google.android.gms:play-services-base:18.5.0] AndroidManifest.xml:5:9-173
199            android:name="com.google.android.gms.common.api.GoogleApiActivity"
199-->[com.google.android.gms:play-services-base:18.5.0] AndroidManifest.xml:5:19-85
200            android:exported="false"
200-->[com.google.android.gms:play-services-base:18.5.0] AndroidManifest.xml:5:146-170
201            android:theme="@android:style/Theme.Translucent.NoTitleBar" />
201-->[com.google.android.gms:play-services-base:18.5.0] AndroidManifest.xml:5:86-145
202
203        <meta-data
203-->[com.google.android.gms:play-services-basement:18.5.0] AndroidManifest.xml:21:9-23:69
204            android:name="com.google.android.gms.version"
204-->[com.google.android.gms:play-services-basement:18.5.0] AndroidManifest.xml:22:13-58
205            android:value="@integer/google_play_services_version" />
205-->[com.google.android.gms:play-services-basement:18.5.0] AndroidManifest.xml:23:13-66
206
207        <receiver
207-->[androidx.profileinstaller:profileinstaller:1.4.0] AndroidManifest.xml:34:9-52:20
208            android:name="androidx.profileinstaller.ProfileInstallReceiver"
208-->[androidx.profileinstaller:profileinstaller:1.4.0] AndroidManifest.xml:35:13-76
209            android:directBootAware="false"
209-->[androidx.profileinstaller:profileinstaller:1.4.0] AndroidManifest.xml:36:13-44
210            android:enabled="true"
210-->[androidx.profileinstaller:profileinstaller:1.4.0] AndroidManifest.xml:37:13-35
211            android:exported="true"
211-->[androidx.profileinstaller:profileinstaller:1.4.0] AndroidManifest.xml:38:13-36
212            android:permission="android.permission.DUMP" >
212-->[androidx.profileinstaller:profileinstaller:1.4.0] AndroidManifest.xml:39:13-57
213            <intent-filter>
213-->[androidx.profileinstaller:profileinstaller:1.4.0] AndroidManifest.xml:40:13-42:29
214                <action android:name="androidx.profileinstaller.action.INSTALL_PROFILE" />
214-->[androidx.profileinstaller:profileinstaller:1.4.0] AndroidManifest.xml:41:17-91
214-->[androidx.profileinstaller:profileinstaller:1.4.0] AndroidManifest.xml:41:25-88
215            </intent-filter>
216            <intent-filter>
216-->[androidx.profileinstaller:profileinstaller:1.4.0] AndroidManifest.xml:43:13-45:29
217                <action android:name="androidx.profileinstaller.action.SKIP_FILE" />
217-->[androidx.profileinstaller:profileinstaller:1.4.0] AndroidManifest.xml:44:17-85
217-->[androidx.profileinstaller:profileinstaller:1.4.0] AndroidManifest.xml:44:25-82
218            </intent-filter>
219            <intent-filter>
219-->[androidx.profileinstaller:profileinstaller:1.4.0] AndroidManifest.xml:46:13-48:29
220                <action android:name="androidx.profileinstaller.action.SAVE_PROFILE" />
220-->[androidx.profileinstaller:profileinstaller:1.4.0] AndroidManifest.xml:47:17-88
220-->[androidx.profileinstaller:profileinstaller:1.4.0] AndroidManifest.xml:47:25-85
221            </intent-filter>
222            <intent-filter>
222-->[androidx.profileinstaller:profileinstaller:1.4.0] AndroidManifest.xml:49:13-51:29
223                <action android:name="androidx.profileinstaller.action.BENCHMARK_OPERATION" />
223-->[androidx.profileinstaller:profileinstaller:1.4.0] AndroidManifest.xml:50:17-95
223-->[androidx.profileinstaller:profileinstaller:1.4.0] AndroidManifest.xml:50:25-92
224            </intent-filter>
225        </receiver> <!-- The activities will be merged into the manifest of the hosting app. -->
226        <activity
226-->[com.google.android.play:core-common:2.0.3] AndroidManifest.xml:14:9-18:65
227            android:name="com.google.android.play.core.common.PlayCoreDialogWrapperActivity"
227-->[com.google.android.play:core-common:2.0.3] AndroidManifest.xml:15:13-93
228            android:exported="false"
228-->[com.google.android.play:core-common:2.0.3] AndroidManifest.xml:16:13-37
229            android:stateNotNeeded="true"
229-->[com.google.android.play:core-common:2.0.3] AndroidManifest.xml:17:13-42
230            android:theme="@style/Theme.PlayCore.Transparent" />
230-->[com.google.android.play:core-common:2.0.3] AndroidManifest.xml:18:13-62
231    </application>
232
233</manifest>